<?xml version="1.0" encoding="UTF-8"?>
<!-- Generated by org.testng.reporters.JUnitReportReporter -->
<testsuite hostname="MAVBCP3260" failures="0" tests="1" name="com.maven.terrain.Example" time="14.699" errors="0" timestamp="2021-09-20T16:23:34 IST" skipped="0">
  <testcase classname="com.maven.terrain.Example" name="TestMethod" time="14.699"/>
  <system-out/>
</testsuite> <!-- com.maven.terrain.Example -->
